<?xml version="1.0" encoding="UTF-8"?>
<!-- Generated by org.testng.reporters.JUnitXMLReporter -->
<testsuite ignored="0" hostname="KARIM-MSI" failures="0" tests="3" name="Default test" time="134.702" errors="0" timestamp="2023-09-13T00:52:49 BST">
  <testcase classname="testcases.Hybrid_Validate_Total_Amount_Steps" name="Validate_Total_AmountTest" time="47.669"/>
  <testcase classname="testcases.Hybrid_Validate_Total_Amount_Steps" name="Validate_Total_AmountTest" time="41.57"/>
  <testcase classname="testcases.Hybrid_Validate_Total_Amount_Steps" name="Validate_Total_AmountTest" time="32.492"/>
</testsuite> <!-- Default test -->
