<?xml version="1.0" encoding="UTF-8"?>
<!-- Generated by org.testng.reporters.JUnitXMLReporter -->
<testsuite ignored="0" hostname="KARIM-MSI" failures="0" tests="3" name="End To End Framework Test" time="118.766" errors="0" timestamp="2023-09-14T10:59:32 BST">
  <testcase classname="testcases.Hybrid_Validate_Total_Amount_Steps" name="Validate_Total_AmountTest" time="42.955"/>
  <testcase classname="testcases.Hybrid_Validate_Total_Amount_Steps" name="Validate_Total_AmountTest" time="34.719"/>
  <testcase classname="testcases.Hybrid_Validate_Total_Amount_Steps" name="Validate_Total_AmountTest" time="29.373"/>
</testsuite> <!-- End To End Framework Test -->
