<?xml version="1.0" encoding="UTF-8"?>
<!-- Generated by org.testng.reporters.JUnitXMLReporter -->
<testsuite ignored="2" hostname="KARIM-MSI" failures="0" tests="0" time="0.0" errors="0" timestamp="2023-09-14T10:59:32 BST">
  <testcase classname="testcases.FillForm_Validation" name="FillForm_PositiveTest" time="0.0">
    <ignored/>
  </testcase> <!-- FillForm_PositiveTest -->
  <testcase classname="testcases.FillForm_Validation" name="FillForm_NegativeTest" time="0.0">
    <ignored/>
  </testcase> <!-- FillForm_NegativeTest -->
</testsuite>
