<?xml version="1.0" encoding="UTF-8"?>
<testng-results ignored="0" total="3" passed="3" failed="0" skipped="0">
  <reporter-output>
  </reporter-output>
  <suite started-at="2023-09-13T00:50:35 BST" name="Default suite" finished-at="2023-09-13T00:52:49 BST" duration-ms="134702">
    <groups>
    </groups>
    <test started-at="2023-09-13T00:50:35 BST" name="Default test" finished-at="2023-09-13T00:52:49 BST" duration-ms="134702">
      <class name="testcases.Hybrid_Validate_Total_Amount_Steps">
        <test-method is-config="true" signature="ConfigureAppium()[pri:0, instance:testcases.Hybrid_Validate_Total_Amount_Steps@6be968ce]" started-at="2023-09-13T00:50:35 BST" name="ConfigureAppium" finished-at="2023-09-13T00:50:47 BST" duration-ms="11822" status="PASS">
          <reporter-output>
          </reporter-output>
        </test-method> <!-- ConfigureAppium -->
        <test-method signature="Validate_Total_AmountTest(java.util.HashMap)[pri:0, instance:testcases.Hybrid_Validate_Total_Amount_Steps@6be968ce]" started-at="2023-09-13T00:50:47 BST" name="Validate_Total_AmountTest" data-provider="getData" finished-at="2023-09-13T00:51:35 BST" duration-ms="47669" status="PASS">
          <params>
            <param index="0">
              <value>
                <![CDATA[{name=Karim Laribi, country=Belgium, gender=male}]]>
              </value>
            </param>
          </params>
          <reporter-output>
          </reporter-output>
        </test-method> <!-- Validate_Total_AmountTest -->
        <test-method signature="Validate_Total_AmountTest(java.util.HashMap)[pri:0, instance:testcases.Hybrid_Validate_Total_Amount_Steps@6be968ce]" started-at="2023-09-13T00:51:35 BST" name="Validate_Total_AmountTest" data-provider="getData" finished-at="2023-09-13T00:52:16 BST" duration-ms="41570" status="PASS">
          <params>
            <param index="0">
              <value>
                <![CDATA[{name=Sarah Conor, country=Australia, gender=female}]]>
              </value>
            </param>
          </params>
          <reporter-output>
          </reporter-output>
        </test-method> <!-- Validate_Total_AmountTest -->
        <test-method signature="Validate_Total_AmountTest(java.util.HashMap)[pri:0, instance:testcases.Hybrid_Validate_Total_Amount_Steps@6be968ce]" started-at="2023-09-13T00:52:16 BST" name="Validate_Total_AmountTest" data-provider="getData" finished-at="2023-09-13T00:52:49 BST" duration-ms="32492" status="PASS">
          <params>
            <param index="0">
              <value>
                <![CDATA[{name=Cintia Crowford, country=Angola, gender=female}]]>
              </value>
            </param>
          </params>
          <reporter-output>
          </reporter-output>
        </test-method> <!-- Validate_Total_AmountTest -->
        <test-method is-config="true" signature="teardownAppium()[pri:0, instance:testcases.Hybrid_Validate_Total_Amount_Steps@6be968ce]" started-at="2023-09-13T00:52:49 BST" name="teardownAppium" finished-at="2023-09-13T00:52:49 BST" duration-ms="786" status="PASS">
          <reporter-output>
          </reporter-output>
        </test-method> <!-- teardownAppium -->
      </class> <!-- testcases.Hybrid_Validate_Total_Amount_Steps -->
    </test> <!-- Default test -->
  </suite> <!-- Default suite -->
</testng-results>
